<?xml version="1.0" encoding="UTF-8"?>
<testsuite name="br.com.coradini.awsproject01.MainApplicationTests" tests="1" skipped="0" failures="0" errors="0" timestamp="2021-05-05T20:10:33" hostname="dxt-000755" time="0.627">
  <properties/>
  <testcase name="contextLoads()" classname="br.com.coradini.awsproject01.MainApplicationTests" time="0.627"/>
  <system-out><![CDATA[17:10:28.972 [Test worker] DEBUG org.springframework.test.context.BootstrapUtils - Instantiating CacheAwareContextLoaderDelegate from class [org.springframework.test.context.cache.DefaultCacheAwareContextLoaderDelegate]
17:10:29.016 [Test worker] DEBUG org.springframework.test.context.BootstrapUtils - Instantiating BootstrapContext using constructor [public org.springframework.test.context.support.DefaultBootstrapContext(java.lang.Class,org.springframework.test.context.CacheAwareContextLoaderDelegate)]
17:10:29.091 [Test worker] DEBUG org.springframework.test.context.BootstrapUtils - Instantiating TestContextBootstrapper for test class [br.com.coradini.awsproject01.MainApplicationTests] from class [org.springframework.boot.test.context.SpringBootTestContextBootstrapper]
17:10:29.114 [Test worker] INFO org.springframework.boot.test.context.SpringBootTestContextBootstrapper - Neither @ContextConfiguration nor @ContextHierarchy found for test class [br.com.coradini.awsproject01.MainApplicationTests], using SpringBootContextLoader
17:10:29.120 [Test worker] DEBUG org.springframework.test.context.support.AbstractContextLoader - Did not detect default resource location for test class [br.com.coradini.awsproject01.MainApplicationTests]: class path resource [br/com/coradini/awsproject01/MainApplicationTests-context.xml] does not exist
17:10:29.122 [Test worker] DEBUG org.springframework.test.context.support.AbstractContextLoader - Did not detect default resource location for test class [br.com.coradini.awsproject01.MainApplicationTests]: class path resource [br/com/coradini/awsproject01/MainApplicationTestsContext.groovy] does not exist
17:10:29.122 [Test worker] INFO org.springframework.test.context.support.AbstractContextLoader - Could not detect default resource locations for test class [br.com.coradini.awsproject01.MainApplicationTests]: no resource found for suffixes {-context.xml, Context.groovy}.
17:10:29.124 [Test worker] INFO org.springframework.test.context.support.AnnotationConfigContextLoaderUtils - Could not detect default configuration classes for test class [br.com.coradini.awsproject01.MainApplicationTests]: MainApplicationTests does not declare any static, non-private, non-final, nested classes annotated with @Configuration.
17:10:29.210 [Test worker] DEBUG org.springframework.test.context.support.ActiveProfilesUtils - Could not find an 'annotation declaring class' for annotation type [org.springframework.test.context.ActiveProfiles] and class [br.com.coradini.awsproject01.MainApplicationTests]
17:10:29.307 [Test worker] DEBUG org.springframework.context.annotation.ClassPathScanningCandidateComponentProvider - Identified candidate component class: file [/home/mateus.coradini/projects/personal/java-springboot-aws-ecs-fargate/awsproject01start/build/classes/java/main/br/com/coradini/awsproject01/MainApplication.class]
17:10:29.309 [Test worker] INFO org.springframework.boot.test.context.SpringBootTestContextBootstrapper - Found @SpringBootConfiguration br.com.coradini.awsproject01.MainApplication for test class br.com.coradini.awsproject01.MainApplicationTests
17:10:29.445 [Test worker] DEBUG org.springframework.boot.test.context.SpringBootTestContextBootstrapper - @TestExecutionListeners is not present for class [br.com.coradini.awsproject01.MainApplicationTests]: using defaults.
17:10:29.447 [Test worker] INFO org.springframework.boot.test.context.SpringBootTestContextBootstrapper - Loaded default TestExecutionListener class names from location [META-INF/spring.factories]: [org.springframework.boot.test.autoconfigure.restdocs.RestDocsTestExecutionListener, org.springframework.boot.test.autoconfigure.web.client.MockRestServiceServerResetTestExecutionListener, org.springframework.boot.test.autoconfigure.web.servlet.MockMvcPrintOnlyOnFailureTestExecutionListener, org.springframework.boot.test.autoconfigure.web.servlet.WebDriverTestExecutionListener, org.springframework.boot.test.autoconfigure.webservices.client.MockWebServiceServerTestExecutionListener, org.springframework.boot.test.mock.mockito.MockitoTestExecutionListener, org.springframework.boot.test.mock.mockito.ResetMocksTestExecutionListener, org.springframework.test.context.web.ServletTestExecutionListener, org.springframework.test.context.support.DirtiesContextBeforeModesTestExecutionListener, org.springframework.test.context.support.DependencyInjectionTestExecutionListener, org.springframework.test.context.support.DirtiesContextTestExecutionListener, org.springframework.test.context.transaction.TransactionalTestExecutionListener, org.springframework.test.context.jdbc.SqlScriptsTestExecutionListener, org.springframework.test.context.event.EventPublishingTestExecutionListener]
17:10:29.460 [Test worker] DEBUG org.springframework.boot.test.context.SpringBootTestContextBootstrapper - Skipping candidate TestExecutionListener [org.springframework.test.context.transaction.TransactionalTestExecutionListener] due to a missing dependency. Specify custom listener classes or make the default listener classes and their required dependencies available. Offending class: [org/springframework/transaction/TransactionDefinition]
17:10:29.462 [Test worker] DEBUG org.springframework.boot.test.context.SpringBootTestContextBootstrapper - Skipping candidate TestExecutionListener [org.springframework.test.context.jdbc.SqlScriptsTestExecutionListener] due to a missing dependency. Specify custom listener classes or make the default listener classes and their required dependencies available. Offending class: [org/springframework/transaction/interceptor/TransactionAttribute]
17:10:29.462 [Test worker] INFO org.springframework.boot.test.context.SpringBootTestContextBootstrapper - Using TestExecutionListeners: [org.springframework.test.context.web.ServletTestExecutionListener@6ce15d2f, org.springframework.test.context.support.DirtiesContextBeforeModesTestExecutionListener@6accbff1, org.springframework.boot.test.mock.mockito.MockitoTestExecutionListener@2d6d2021, org.springframework.boot.test.autoconfigure.SpringBootDependencyInjectionTestExecutionListener@7e402572, org.springframework.test.context.support.DirtiesContextTestExecutionListener@182e07b0, org.springframework.test.context.event.EventPublishingTestExecutionListener@17120073, org.springframework.boot.test.autoconfigure.restdocs.RestDocsTestExecutionListener@53ba4698, org.springframework.boot.test.autoconfigure.web.client.MockRestServiceServerResetTestExecutionListener@2cae8228, org.springframework.boot.test.autoconfigure.web.servlet.MockMvcPrintOnlyOnFailureTestExecutionListener@44d5038a, org.springframework.boot.test.autoconfigure.web.servlet.WebDriverTestExecutionListener@434392fb, org.springframework.boot.test.autoconfigure.webservices.client.MockWebServiceServerTestExecutionListener@42cc928d, org.springframework.boot.test.mock.mockito.ResetMocksTestExecutionListener@1aabe73e]
17:10:29.469 [Test worker] DEBUG org.springframework.test.context.support.AbstractDirtiesContextTestExecutionListener - Before test class: context [DefaultTestContext@3a47c8cb testClass = MainApplicationTests, testInstance = [null], testMethod = [null], testException = [null], mergedContextConfiguration = [WebMergedContextConfiguration@27d9a6e0 testClass = MainApplicationTests, locations = '{}', classes = '{class br.com.coradini.awsproject01.MainApplication}', contextInitializerClasses = '[]', activeProfiles = '{}', propertySourceLocations = '{}', propertySourceProperties = '{org.springframework.boot.test.context.SpringBootTestContextBootstrapper=true}', contextCustomizers = set[org.springframework.boot.test.autoconfigure.actuate.metrics.MetricsExportContextCustomizerFactory$DisableMetricExportContextCustomizer@1081fcd8, org.springframework.boot.test.autoconfigure.properties.PropertyMappingContextCustomizer@0, org.springframework.boot.test.autoconfigure.web.servlet.WebDriverContextCustomizerFactory$Customizer@6d1c475a, org.springframework.boot.test.context.filter.ExcludeFilterContextCustomizer@5ab3f48, org.springframework.boot.test.json.DuplicateJsonObjectContextCustomizerFactory$DuplicateJsonObjectContextCustomizer@29294bdd, org.springframework.boot.test.mock.mockito.MockitoContextCustomizer@0, org.springframework.boot.test.web.client.TestRestTemplateContextCustomizer@9e59acc, org.springframework.boot.test.web.reactive.server.WebTestClientContextCustomizer@67069884, org.springframework.boot.test.context.SpringBootTestArgs@1, org.springframework.boot.test.context.SpringBootTestWebEnvironment@200274cb], resourceBasePath = 'src/main/webapp', contextLoader = 'org.springframework.boot.test.context.SpringBootContextLoader', parent = [null]], attributes = map['org.springframework.test.context.web.ServletTestExecutionListener.activateListener' -> true]], class annotated with @DirtiesContext [false] with mode [null].
17:10:29.535 [Test worker] DEBUG org.springframework.test.context.support.TestPropertySourceUtils - Adding inlined properties to environment: {spring.jmx.enabled=false, org.springframework.boot.test.context.SpringBootTestContextBootstrapper=true}

  .   ____          _            __ _ _
 /\\ / ___'_ __ _ _(_)_ __  __ _ \ \ \ \
( ( )\___ | '_ | '_| | '_ \/ _` | \ \ \ \
 \\/  ___)| |_)| | | | | || (_| |  ) ) ) )
  '  |____| .__|_| |_|_| |_\__, | / / / /
 =========|_|==============|___/=/_/_/_/
 :: Spring Boot ::       (v2.4.0-SNAPSHOT)

2021-05-05 17:10:29.913  INFO 17120 --- [    Test worker] b.c.c.awsproject01.MainApplicationTests  : Starting MainApplicationTests using Java 15.0.2 on dxt-000755 with PID 17120 (started by mateus.coradini in /home/mateus.coradini/projects/personal/java-springboot-aws-ecs-fargate/awsproject01start)
2021-05-05 17:10:29.920  INFO 17120 --- [    Test worker] b.c.c.awsproject01.MainApplicationTests  : No active profile set, falling back to default profiles: default
2021-05-05 17:10:32.120  INFO 17120 --- [    Test worker] o.s.s.concurrent.ThreadPoolTaskExecutor  : Initializing ExecutorService 'applicationTaskExecutor'
2021-05-05 17:10:32.891  INFO 17120 --- [    Test worker] o.s.b.a.e.web.EndpointLinksResolver      : Exposing 2 endpoint(s) beneath base path '/actuator'
2021-05-05 17:10:32.983  INFO 17120 --- [    Test worker] b.c.c.awsproject01.MainApplicationTests  : Started MainApplicationTests in 3.432 seconds (JVM running for 6.993)
]]></system-out>
  <system-err><![CDATA[]]></system-err>
</testsuite>
